0 info it worked if it ends with ok
1 verbose cli [ 'D:\\Programs\\nodejs\\\\node.exe',
1 verbose cli   'D:\\Programs\\nodejs\\node_modules\\npm\\bin\\npm-cli.js',
1 verbose cli   'install' ]
2 info using npm@2.7.4
3 info using node@v0.12.2
4 verbose node symlink D:\Programs\nodejs\\node.exe
5 error install Couldn't read dependencies
6 verbose stack Error: ENOENT, open 'C:\Users\Akshata\Documents\GitHub\vidamo\package.json'
6 verbose stack     at Error (native)
7 verbose cwd C:\Users\Akshata\Documents\GitHub\vidamo
8 error Windows_NT 6.1.7601
9 error argv "D:\\Programs\\nodejs\\\\node.exe" "D:\\Programs\\nodejs\\node_modules\\npm\\bin\\npm-cli.js" "install"
10 error node v0.12.2
11 error npm  v2.7.4
12 error path C:\Users\Akshata\Documents\GitHub\vidamo\package.json
13 error code ENOPACKAGEJSON
14 error errno -4058
15 error package.json ENOENT, open 'C:\Users\Akshata\Documents\GitHub\vidamo\package.json'
15 error package.json This is most likely not a problem with npm itself.
15 error package.json npm can't find a package.json file in your current directory.
16 verbose exit [ -4058, true ]
